<?xml version="1.0" encoding="UTF-8"?>
<!-- Generated by org.testng.reporters.JUnitReportReporter -->
<testsuite hostname="ADITI-SHARMA" failures="0" tests="2" name="tests.Login" time="12.642" errors="0" timestamp="2024-08-26T21:10:42 IST" skipped="0">
  <testcase classname="tests.Login" name="testLogin" time="6.019"/>
  <system-out/>
  <testcase classname="tests.Login" name="testLogin" time="6.623"/>
  <system-out/>
</testsuite> <!-- tests.Login -->
